<?xml version="1.0" encoding="UTF-8"?>
<!-- Generated by org.testng.reporters.JUnitXMLReporter -->
<testsuite hostname="LAPTOP-15RBTEBO" ignored="2" name="Ignore_This" tests="2" failures="0" timestamp="2022-02-06T19:32:10 IST" time="0.136" errors="0">
  <testcase name="searchFurniture" time="0.014" classname="org.testng.demo.Ignore_Test"/>
  <testcase name="searchToothbrush" time="0.005" classname="org.testng.demo.Ignore_Test"/>
  <testcase name="searchMobile" time="0.0" classname="org.testng.demo.Ignore_Test">
    <ignored/>
  </testcase> <!-- searchMobile -->
  <testcase name="searchLaptop" time="0.0" classname="org.testng.demo.Ignore_Test">
    <ignored/>
  </testcase> <!-- searchLaptop -->
</testsuite> <!-- Ignore_This -->
