<?xml version="1.0" encoding="UTF-8"?>
<!-- Generated by org.testng.reporters.JUnitXMLReporter -->
<testsuite hostname="LAPTOP-15RBTEBO" ignored="0" name="Test" tests="12" failures="2" timestamp="2022-02-22T11:22:28 IST" time="0.348" errors="0">
  <testcase name="userone" time="0.024" classname="org.testng.demo.MyTransformer">
    <skipped/>
  </testcase> <!-- userone -->
  <testcase name="userone" time="0.005" classname="org.testng.demo.MyTransformer">
    <skipped/>
  </testcase> <!-- userone -->
  <testcase name="userone" time="0.01" classname="org.testng.demo.MyTransformer">
    <skipped/>
  </testcase> <!-- userone -->
  <testcase name="userone" time="0.006" classname="org.testng.demo.MyTransformer">
    <skipped/>
  </testcase> <!-- userone -->
  <testcase name="userone" time="0.007" classname="org.testng.demo.MyTransformer">
    <skipped/>
  </testcase> <!-- userone -->
  <testcase name="userone" time="0.015" classname="org.testng.demo.MyTransformer">
    <failure type="java.lang.AssertionError" message="expected [a] but found [A]">
      <![CDATA[java.lang.AssertionError: expected [a] but found [A]
at java.util.ArrayList.forEach(Unknown Source)
... Removed 34 stack frames]]>
    </failure>
  </testcase> <!-- userone -->
  <testcase name="usertwo" time="0.008" classname="org.testng.demo.MyTransformer">
    <skipped/>
  </testcase> <!-- usertwo -->
  <testcase name="usertwo" time="0.011" classname="org.testng.demo.MyTransformer">
    <skipped/>
  </testcase> <!-- usertwo -->
  <testcase name="usertwo" time="0.003" classname="org.testng.demo.MyTransformer">
    <skipped/>
  </testcase> <!-- usertwo -->
  <testcase name="usertwo" time="0.005" classname="org.testng.demo.MyTransformer">
    <skipped/>
  </testcase> <!-- usertwo -->
  <testcase name="usertwo" time="0.002" classname="org.testng.demo.MyTransformer">
    <skipped/>
  </testcase> <!-- usertwo -->
  <testcase name="usertwo" time="0.003" classname="org.testng.demo.MyTransformer">
    <failure type="java.lang.AssertionError" message="expected [b] but found [B]">
      <![CDATA[java.lang.AssertionError: expected [b] but found [B]
at java.util.ArrayList.forEach(Unknown Source)
... Removed 34 stack frames]]>
    </failure>
  </testcase> <!-- usertwo -->
</testsuite> <!-- Test -->
